-------------------------------------------------------------------------------
Test set: com.rsn.test.TestApplicationTests
-------------------------------------------------------------------------------
Tests run: 1, Failures: 0, Errors: 1, Skipped: 0, Time elapsed: 0.223 s <<< FAILURE! - in com.rsn.test.TestApplicationTests
test  Time elapsed: 0 s  <<< ERROR!
java.lang.IllegalStateException: Failed to load ApplicationContext
Caused by: org.springframework.beans.factory.support.BeanDefinitionOverrideException: Invalid bean definition with name 'pomsDataSource' defined in class path resource [com/rsn/test/config/db/jpa/poms/jpa/JpaConfig.class]: Cannot register bean definition [Root bean: class [null]; scope=; abstract=false; lazyInit=null; autowireMode=3; dependencyCheck=0; autowireCandidate=true; primary=true; factoryBeanName=jpaConfig; factoryMethodName=pomsDataSource; initMethodName=null; destroyMethodName=(inferred); defined in class path resource [com/rsn/test/config/db/jpa/poms/jpa/JpaConfig.class]] for bean 'pomsDataSource': There is already [Root bean: class [null]; scope=; abstract=false; lazyInit=null; autowireMode=3; dependencyCheck=0; autowireCandidate=true; primary=true; factoryBeanName=pomsConfiguration; factoryMethodName=pomsDataSource; initMethodName=null; destroyMethodName=(inferred); defined in class path resource [com/rsn/test/config/db/jpa/poms/PomsConfiguration.class]] bound.

